0 info it worked if it ends with ok
1 verbose cli [ '/usr/bin/node', '/usr/bin/npm', 'run', 'runstart' ]
2 info using npm@3.5.2
3 info using node@v8.10.0
4 verbose run-script [ 'prerunstart', 'runstart', 'postrunstart' ]
5 info lifecycle milestone10@0.0.0~prerunstart: milestone10@0.0.0
6 silly lifecycle milestone10@0.0.0~prerunstart: no script for prerunstart, continuing
7 info lifecycle milestone10@0.0.0~runstart: milestone10@0.0.0
8 verbose lifecycle milestone10@0.0.0~runstart: unsafe-perm in lifecycle true
9 verbose lifecycle milestone10@0.0.0~runstart: PATH: /usr/share/npm/bin/node-gyp-bin:/home/hanani8/Projects/Milestone10/node_modules/.bin:/usr/local/sbin:/usr/local/bin:/usr/sbin:/usr/bin:/sbin:/bin:/usr/games:/usr/local/games:/snap/bin
10 verbose lifecycle milestone10@0.0.0~runstart: CWD: /home/hanani8/Projects/Milestone10
11 silly lifecycle milestone10@0.0.0~runstart: Args: [ '-c', 'DEBUG=milestone10:* npm start' ]
12 silly lifecycle milestone10@0.0.0~runstart: Returned: code: 1  signal: null
13 info lifecycle milestone10@0.0.0~runstart: Failed to exec runstart script
14 verbose stack Error: milestone10@0.0.0 runstart: `DEBUG=milestone10:* npm start`
14 verbose stack Exit status 1
14 verbose stack     at EventEmitter.<anonymous> (/usr/share/npm/lib/utils/lifecycle.js:232:16)
14 verbose stack     at emitTwo (events.js:126:13)
14 verbose stack     at EventEmitter.emit (events.js:214:7)
14 verbose stack     at ChildProcess.<anonymous> (/usr/share/npm/lib/utils/spawn.js:24:14)
14 verbose stack     at emitTwo (events.js:126:13)
14 verbose stack     at ChildProcess.emit (events.js:214:7)
14 verbose stack     at maybeClose (internal/child_process.js:925:16)
14 verbose stack     at Process.ChildProcess._handle.onexit (internal/child_process.js:209:5)
15 verbose pkgid milestone10@0.0.0
16 verbose cwd /home/hanani8/Projects/Milestone10
17 error Linux 5.0.0-37-generic
18 error argv "/usr/bin/node" "/usr/bin/npm" "run" "runstart"
19 error node v8.10.0
20 error npm  v3.5.2
21 error code ELIFECYCLE
22 error milestone10@0.0.0 runstart: `DEBUG=milestone10:* npm start`
22 error Exit status 1
23 error Failed at the milestone10@0.0.0 runstart script 'DEBUG=milestone10:* npm start'.
23 error Make sure you have the latest version of node.js and npm installed.
23 error If you do, this is most likely a problem with the milestone10 package,
23 error not with npm itself.
23 error Tell the author that this fails on your system:
23 error     DEBUG=milestone10:* npm start
23 error You can get information on how to open an issue for this project with:
23 error     npm bugs milestone10
23 error Or if that isn't available, you can get their info via:
23 error     npm owner ls milestone10
23 error There is likely additional logging output above.
24 verbose exit [ 1, true ]
